0 info it worked if it ends with ok
1 verbose cli [ '/usr/local/Cellar/node/7.2.0/bin/node',
1 verbose cli   '/usr/local/bin/npm',
1 verbose cli   'run',
1 verbose cli   'test-integration' ]
2 info using npm@3.10.9
3 info using node@v7.2.0
4 verbose run-script [ 'pretest-integration',
4 verbose run-script   'test-integration',
4 verbose run-script   'posttest-integration' ]
5 info lifecycle sixcrm-transaction-api@1.0.0~pretest-integration: sixcrm-transaction-api@1.0.0
6 silly lifecycle sixcrm-transaction-api@1.0.0~pretest-integration: no script for pretest-integration, continuing
7 info lifecycle sixcrm-transaction-api@1.0.0~test-integration: sixcrm-transaction-api@1.0.0
8 verbose lifecycle sixcrm-transaction-api@1.0.0~test-integration: unsafe-perm in lifecycle true
9 verbose lifecycle sixcrm-transaction-api@1.0.0~test-integration: PATH: /usr/local/lib/node_modules/npm/bin/node-gyp-bin:/Users/timothydalbey/Development/six/transaction/node_modules/.bin:/usr/local/Cellar/node/7.2.0/bin:/usr/local/mysql/bin:/usr/local/bin:/usr/bin:/bin:/usr/sbin:/sbin
10 verbose lifecycle sixcrm-transaction-api@1.0.0~test-integration: CWD: /Users/timothydalbey/Development/six/transaction
11 silly lifecycle sixcrm-transaction-api@1.0.0~test-integration: Args: [ '-c',
11 silly lifecycle   'node ./node_modules/mocha/bin/mocha --require test/config/global.js test/bootstrap.test.js test/integration/**/*.test.js' ]
12 silly lifecycle sixcrm-transaction-api@1.0.0~test-integration: Returned: code: 1  signal: null
13 info lifecycle sixcrm-transaction-api@1.0.0~test-integration: Failed to exec test-integration script
14 verbose stack Error: sixcrm-transaction-api@1.0.0 test-integration: `node ./node_modules/mocha/bin/mocha --require test/config/global.js test/bootstrap.test.js test/integration/**/*.test.js`
14 verbose stack Exit status 1
14 verbose stack     at EventEmitter.<anonymous> (/usr/local/lib/node_modules/npm/lib/utils/lifecycle.js:255:16)
14 verbose stack     at emitTwo (events.js:106:13)
14 verbose stack     at EventEmitter.emit (events.js:191:7)
14 verbose stack     at ChildProcess.<anonymous> (/usr/local/lib/node_modules/npm/lib/utils/spawn.js:40:14)
14 verbose stack     at emitTwo (events.js:106:13)
14 verbose stack     at ChildProcess.emit (events.js:191:7)
14 verbose stack     at maybeClose (internal/child_process.js:885:16)
14 verbose stack     at Process.ChildProcess._handle.onexit (internal/child_process.js:226:5)
15 verbose pkgid sixcrm-transaction-api@1.0.0
16 verbose cwd /Users/timothydalbey/Development/six/transaction
17 error Darwin 16.4.0
18 error argv "/usr/local/Cellar/node/7.2.0/bin/node" "/usr/local/bin/npm" "run" "test-integration"
19 error node v7.2.0
20 error npm  v3.10.9
21 error code ELIFECYCLE
22 error sixcrm-transaction-api@1.0.0 test-integration: `node ./node_modules/mocha/bin/mocha --require test/config/global.js test/bootstrap.test.js test/integration/**/*.test.js`
22 error Exit status 1
23 error Failed at the sixcrm-transaction-api@1.0.0 test-integration script 'node ./node_modules/mocha/bin/mocha --require test/config/global.js test/bootstrap.test.js test/integration/**/*.test.js'.
23 error Make sure you have the latest version of node.js and npm installed.
23 error If you do, this is most likely a problem with the sixcrm-transaction-api package,
23 error not with npm itself.
23 error Tell the author that this fails on your system:
23 error     node ./node_modules/mocha/bin/mocha --require test/config/global.js test/bootstrap.test.js test/integration/**/*.test.js
23 error You can get information on how to open an issue for this project with:
23 error     npm bugs sixcrm-transaction-api
23 error Or if that isn't available, you can get their info via:
23 error     npm owner ls sixcrm-transaction-api
23 error There is likely additional logging output above.
24 verbose exit [ 1, true ]
